{
  "RSpec": {
    "coverage": {
      "/Users/matthiashaefeli/Documents/Documents - Matthias’s MacBook Pro/Devbootcamp/api/udemy-tracker-api/config/environment.rb": {
        "lines": [
          null,
          1,
          null,
          null,
          1
        ]
      },
      "/Users/matthiashaefeli/Documents/Documents - Matthias’s MacBook Pro/Devbootcamp/api/udemy-tracker-api/config/application.rb": {
        "lines": [
          1,
          null,
          1,
          null,
          1,
          1,
          1,
          1,
          1,
          1,
          1,
          1,
          1,
          1,
          null,
          null,
          null,
          null,
          null,
          1,
          null,
          1,
          1,
          null,
          1,
          null,
          null,
          null,
          null,
          null,
          null,
          1,
          null,
          null,
          null,
          null,
          1,
          null,
          null
        ]
      },
      "/Users/matthiashaefeli/Documents/Documents - Matthias’s MacBook Pro/Devbootcamp/api/udemy-tracker-api/config/boot.rb": {
        "lines": [
          1,
          null,
          1,
          1
        ]
      },
      "/Users/matthiashaefeli/Documents/Documents - Matthias’s MacBook Pro/Devbootcamp/api/udemy-tracker-api/config/environments/test.rb": {
        "lines": [
          null,
          null,
          null,
          null,
          null,
          1,
          null,
          null,
          1,
          1,
          null,
          null,
          null,
          null,
          1,
          null,
          null,
          1,
          1,
          null,
          null,
          null,
          null,
          1,
          1,
          1,
          null,
          null,
          1,
          null,
          null,
          1,
          null,
          null,
          1,
          null,
          1,
          null,
          null,
          null,
          null,
          1,
          null,
          null,
          1,
          null,
          null,
          null,
          null
        ]
      },
      "/Users/matthiashaefeli/Documents/Documents - Matthias’s MacBook Pro/Devbootcamp/api/udemy-tracker-api/config/initializers/application_controller_renderer.rb": {
        "lines": [
          null,
          null,
          null,
          null,
          null,
          null,
          null,
          null
        ]
      },
      "/Users/matthiashaefeli/Documents/Documents - Matthias’s MacBook Pro/Devbootcamp/api/udemy-tracker-api/config/initializers/backtrace_silencers.rb": {
        "lines": [
          null,
          null,
          null,
          null,
          null,
          null,
          null
        ]
      },
      "/Users/matthiashaefeli/Documents/Documents - Matthias’s MacBook Pro/Devbootcamp/api/udemy-tracker-api/config/initializers/cors.rb": {
        "lines": [
          null,
          null,
          null,
          null,
          null,
          null,
          null,
          null,
          null,
          null,
          null,
          null,
          null,
          null,
          null,
          null
        ]
      },
      "/Users/matthiashaefeli/Documents/Documents - Matthias’s MacBook Pro/Devbootcamp/api/udemy-tracker-api/config/initializers/filter_parameter_logging.rb": {
        "lines": [
          null,
          null,
          null,
          1
        ]
      },
      "/Users/matthiashaefeli/Documents/Documents - Matthias’s MacBook Pro/Devbootcamp/api/udemy-tracker-api/config/initializers/inflections.rb": {
        "lines": [
          null,
          null,
          null,
          null,
          null,
          null,
          null,
          null,
          null,
          null,
          null,
          null,
          null,
          null,
          null,
          null
        ]
      },
      "/Users/matthiashaefeli/Documents/Documents - Matthias’s MacBook Pro/Devbootcamp/api/udemy-tracker-api/config/initializers/mime_types.rb": {
        "lines": [
          null,
          null,
          null,
          null
        ]
      },
      "/Users/matthiashaefeli/Documents/Documents - Matthias’s MacBook Pro/Devbootcamp/api/udemy-tracker-api/config/initializers/wrap_parameters.rb": {
        "lines": [
          null,
          null,
          null,
          null,
          null,
          null,
          1,
          2,
          null,
          null,
          null,
          null,
          null,
          null
        ]
      },
      "/Users/matthiashaefeli/Documents/Documents - Matthias’s MacBook Pro/Devbootcamp/api/udemy-tracker-api/spec/factories/coords.rb": {
        "lines": [
          1,
          1,
          null,
          null,
          null
        ]
      },
      "/Users/matthiashaefeli/Documents/Documents - Matthias’s MacBook Pro/Devbootcamp/api/udemy-tracker-api/spec/factories/locations.rb": {
        "lines": [
          1,
          1,
          1,
          1,
          1,
          1,
          1,
          1,
          1,
          null,
          null
        ]
      },
      "/Users/matthiashaefeli/Documents/Documents - Matthias’s MacBook Pro/Devbootcamp/api/udemy-tracker-api/spec/factories/tracks.rb": {
        "lines": [
          1,
          1,
          1,
          null,
          null
        ]
      },
      "/Users/matthiashaefeli/Documents/Documents - Matthias’s MacBook Pro/Devbootcamp/api/udemy-tracker-api/spec/factories/users.rb": {
        "lines": [
          1,
          1,
          4,
          4,
          null,
          null
        ]
      },
      "/Users/matthiashaefeli/Documents/Documents - Matthias’s MacBook Pro/Devbootcamp/api/udemy-tracker-api/config/routes.rb": {
        "lines": [
          1,
          1,
          1,
          1,
          null
        ]
      },
      "/Users/matthiashaefeli/Documents/Documents - Matthias’s MacBook Pro/Devbootcamp/api/udemy-tracker-api/app/controllers/tracks_controller.rb": {
        "lines": [
          1,
          1,
          1,
          null,
          1,
          1,
          1,
          null,
          null,
          1,
          null,
          1,
          1,
          1,
          1,
          1,
          1,
          1,
          1,
          1,
          1,
          1,
          null,
          1,
          null,
          0,
          null,
          null,
          null
        ]
      },
      "/Users/matthiashaefeli/Documents/Documents - Matthias’s MacBook Pro/Devbootcamp/api/udemy-tracker-api/app/controllers/application_controller.rb": {
        "lines": [
          1,
          null
        ]
      },
      "/Users/matthiashaefeli/Documents/Documents - Matthias’s MacBook Pro/Devbootcamp/api/udemy-tracker-api/app/controllers/concerns/authorization.rb": {
        "lines": [
          1,
          1,
          3,
          null,
          null,
          1,
          3,
          2,
          2,
          null,
          null,
          null,
          1,
          5,
          4,
          null,
          4,
          0,
          0,
          null,
          null,
          null,
          null
        ]
      },
      "/Users/matthiashaefeli/Documents/Documents - Matthias’s MacBook Pro/Devbootcamp/api/udemy-tracker-api/spec/controllers/users_controller_spec.rb": {
        "lines": [
          1,
          1,
          null,
          1,
          1,
          null,
          null,
          1,
          1,
          1,
          1,
          null,
          1,
          1,
          1,
          null,
          null,
          1,
          1,
          null,
          1,
          1,
          1,
          null,
          null,
          1,
          1,
          null,
          1,
          1,
          1,
          null,
          null,
          null,
          1,
          1,
          1,
          1,
          null,
          1,
          1,
          1,
          null,
          null,
          1,
          1,
          null,
          1,
          1,
          1,
          null,
          null,
          null
        ]
      },
      "/Users/matthiashaefeli/Documents/Documents - Matthias’s MacBook Pro/Devbootcamp/api/udemy-tracker-api/spec/support/authorization_helper.rb": {
        "lines": [
          1,
          1,
          2,
          null,
          2,
          2,
          null,
          null,
          1,
          2,
          2,
          2,
          2,
          2,
          null,
          null
        ]
      },
      "/Users/matthiashaefeli/Documents/Documents - Matthias’s MacBook Pro/Devbootcamp/api/udemy-tracker-api/app/controllers/users_controller.rb": {
        "lines": [
          1,
          1,
          3,
          3,
          1,
          null,
          null,
          1,
          null,
          2,
          null,
          null,
          null,
          1,
          4,
          4,
          3,
          null,
          null,
          3,
          null,
          1,
          null,
          null,
          null,
          1,
          null,
          1,
          7,
          null,
          null
        ]
      },
      "/Users/matthiashaefeli/Documents/Documents - Matthias’s MacBook Pro/Devbootcamp/api/udemy-tracker-api/spec/models/coord_spec.rb": {
        "lines": [
          null,
          null,
          null,
          null,
          null
        ]
      },
      "/Users/matthiashaefeli/Documents/Documents - Matthias’s MacBook Pro/Devbootcamp/api/udemy-tracker-api/spec/models/location_spec.rb": {
        "lines": [
          null,
          null,
          null,
          null,
          null
        ]
      },
      "/Users/matthiashaefeli/Documents/Documents - Matthias’s MacBook Pro/Devbootcamp/api/udemy-tracker-api/spec/models/track_spec.rb": {
        "lines": [
          null,
          null,
          null,
          null,
          null
        ]
      },
      "/Users/matthiashaefeli/Documents/Documents - Matthias’s MacBook Pro/Devbootcamp/api/udemy-tracker-api/spec/models/user_spec.rb": {
        "lines": [
          null,
          null,
          null,
          null,
          null
        ]
      },
      "/Users/matthiashaefeli/Documents/Documents - Matthias’s MacBook Pro/Devbootcamp/api/udemy-tracker-api/spec/requests/tracks_request_spec.rb": {
        "lines": [
          1,
          null,
          1,
          null,
          null
        ]
      },
      "/Users/matthiashaefeli/Documents/Documents - Matthias’s MacBook Pro/Devbootcamp/api/udemy-tracker-api/spec/requests/users_request_spec.rb": {
        "lines": [
          1,
          null,
          1,
          null,
          null
        ]
      },
      "/Users/matthiashaefeli/Documents/Documents - Matthias’s MacBook Pro/Devbootcamp/api/udemy-tracker-api/app/models/user.rb": {
        "lines": [
          1,
          null,
          1,
          1,
          null
        ]
      },
      "/Users/matthiashaefeli/Documents/Documents - Matthias’s MacBook Pro/Devbootcamp/api/udemy-tracker-api/app/models/application_record.rb": {
        "lines": [
          1,
          1,
          null
        ]
      },
      "/Users/matthiashaefeli/Documents/Documents - Matthias’s MacBook Pro/Devbootcamp/api/udemy-tracker-api/lib/json_web_token.rb": {
        "lines": [
          1,
          1,
          1,
          4,
          4,
          null,
          null,
          1,
          4,
          4,
          null,
          0,
          null,
          null,
          null
        ]
      },
      "/Users/matthiashaefeli/Documents/Documents - Matthias’s MacBook Pro/Devbootcamp/api/udemy-tracker-api/app/models/track.rb": {
        "lines": [
          1,
          1,
          1,
          1,
          null,
          1,
          1,
          null,
          null,
          1,
          1,
          null,
          null
        ]
      },
      "/Users/matthiashaefeli/Documents/Documents - Matthias’s MacBook Pro/Devbootcamp/api/udemy-tracker-api/app/models/location.rb": {
        "lines": [
          1,
          1,
          1,
          null,
          1,
          1,
          null,
          1,
          1,
          null,
          null
        ]
      },
      "/Users/matthiashaefeli/Documents/Documents - Matthias’s MacBook Pro/Devbootcamp/api/udemy-tracker-api/app/models/coord.rb": {
        "lines": [
          1,
          1,
          1,
          null,
          1,
          null,
          1,
          null,
          null,
          null,
          null,
          null,
          null,
          null,
          null,
          null
        ]
      }
    },
    "timestamp": 1598046208
  }
}
